<?xml version="1.0" encoding="UTF-8"?>
<!-- Generated by org.testng.reporters.JUnitReportReporter -->
<testsuite hostname="DESKTOP-LVNNG7C" failures="0" tests="1" name="tutorial_Ninja.TN_LOGIN" time="6.478" errors="0" timestamp="2023-11-05T01:08:31 EST" skipped="0">
  <testcase classname="tutorial_Ninja.TN_LOGIN" name="loginTNTest" time="6.478"/>
</testsuite> <!-- tutorial_Ninja.TN_LOGIN -->
